<?xml version="1.0" encoding="UTF-8"?>
<!-- Generated by org.testng.reporters.JUnitXMLReporter -->
<testsuite ignored="0" hostname="DESKTOP-9INI0UD" failures="0" tests="6" name="Command line test" time="0.082" errors="0" timestamp="2020-05-29T01:24:54 IST">
  <testcase classname="qaclickacademy.AppiumTest" name="Androidapp" time="0.007"/>
  <testcase classname="qaclickacademy.AppiumTest" name="IOSApp" time="0.003"/>
  <testcase classname="qaclickacademy.RestAPITest" name="Elements" time="0.001"/>
  <testcase classname="qaclickacademy.RestAPITest" name="browserautomation" time="0.001"/>
  <testcase classname="qaclickacademy.SeleniumTest" name="Postjira" time="0.001"/>
  <testcase classname="qaclickacademy.SeleniumTest" name="deleteTwitter" time="0.001"/>
</testsuite> <!-- Command line test -->
