<?xml version="1.0" encoding="UTF-8"?>
<testng-results ignored="0" total="6" passed="6" failed="0" skipped="0">
  <reporter-output>
  </reporter-output>
  <suite started-at="2020-05-29T01:24:54 IST" name="Command line suite" finished-at="2020-05-29T01:24:54 IST" duration-ms="82">
    <groups>
    </groups>
    <test started-at="2020-05-29T01:24:54 IST" name="Command line test" finished-at="2020-05-29T01:24:54 IST" duration-ms="82">
      <class name="qaclickacademy.AppiumTest">
        <test-method signature="Androidapp()[pri:0, instance:qaclickacademy.AppiumTest@51b279c9]" started-at="2020-05-29T01:24:54 IST" name="Androidapp" finished-at="2020-05-29T01:24:54 IST" duration-ms="7" status="PASS">
          <reporter-output>
          </reporter-output>
        </test-method> <!-- Androidapp -->
        <test-method signature="IOSApp()[pri:0, instance:qaclickacademy.AppiumTest@51b279c9]" started-at="2020-05-29T01:24:54 IST" name="IOSApp" finished-at="2020-05-29T01:24:54 IST" duration-ms="3" status="PASS">
          <reporter-output>
          </reporter-output>
        </test-method> <!-- IOSApp -->
      </class> <!-- qaclickacademy.AppiumTest -->
      <class name="qaclickacademy.RestAPITest">
        <test-method signature="Elements()[pri:0, instance:qaclickacademy.RestAPITest@1ad282e0]" started-at="2020-05-29T01:24:54 IST" name="Elements" finished-at="2020-05-29T01:24:54 IST" duration-ms="1" status="PASS">
          <reporter-output>
          </reporter-output>
        </test-method> <!-- Elements -->
        <test-method signature="browserautomation()[pri:0, instance:qaclickacademy.RestAPITest@1ad282e0]" started-at="2020-05-29T01:24:54 IST" name="browserautomation" finished-at="2020-05-29T01:24:54 IST" duration-ms="1" status="PASS">
          <reporter-output>
          </reporter-output>
        </test-method> <!-- browserautomation -->
      </class> <!-- qaclickacademy.RestAPITest -->
      <class name="qaclickacademy.SeleniumTest">
        <test-method signature="Postjira()[pri:0, instance:qaclickacademy.SeleniumTest@7f416310]" started-at="2020-05-29T01:24:54 IST" name="Postjira" finished-at="2020-05-29T01:24:54 IST" duration-ms="1" status="PASS">
          <reporter-output>
          </reporter-output>
        </test-method> <!-- Postjira -->
        <test-method signature="deleteTwitter()[pri:0, instance:qaclickacademy.SeleniumTest@7f416310]" started-at="2020-05-29T01:24:54 IST" name="deleteTwitter" finished-at="2020-05-29T01:24:54 IST" duration-ms="1" status="PASS">
          <reporter-output>
          </reporter-output>
        </test-method> <!-- deleteTwitter -->
      </class> <!-- qaclickacademy.SeleniumTest -->
    </test> <!-- Command line test -->
  </suite> <!-- Command line suite -->
</testng-results>
